c:\users\alice\programming\otherwise\otherwise\debug\otherwise.pdb
c:\users\alice\programming\otherwise\otherwise\debug\otherwise.idb
c:\users\alice\programming\otherwise\otherwise\debug\gui.obj
c:\users\alice\programming\otherwise\otherwise\debug\imageloader.obj
c:\users\alice\programming\otherwise\otherwise\debug\imaingame.obj
c:\users\alice\programming\otherwise\otherwise\debug\inputmanager.obj
c:\users\alice\programming\otherwise\otherwise\debug\iomanager.obj
c:\users\alice\programming\otherwise\otherwise\debug\messaging.obj
c:\users\alice\programming\otherwise\otherwise\debug\otherwise.obj
c:\users\alice\programming\otherwise\otherwise\debug\particlebatch2d.obj
c:\users\alice\programming\otherwise\otherwise\debug\particleengine2d.obj
c:\users\alice\programming\otherwise\otherwise\debug\pathfinding.obj
c:\users\alice\programming\otherwise\otherwise\debug\pathmaptranslator.obj
c:\users\alice\programming\otherwise\otherwise\debug\picopng.obj
c:\users\alice\programming\otherwise\otherwise\debug\resourcemanager.obj
c:\users\alice\programming\otherwise\otherwise\debug\screenlist.obj
c:\users\alice\programming\otherwise\otherwise\debug\sprite.obj
c:\users\alice\programming\otherwise\otherwise\debug\spritebatch.obj
c:\users\alice\programming\otherwise\otherwise\debug\spritefont.obj
c:\users\alice\programming\otherwise\otherwise\debug\texturecache.obj
c:\users\alice\programming\otherwise\otherwise\debug\timing.obj
c:\users\alice\programming\otherwise\otherwise\debug\window.obj
c:\users\alice\programming\otherwise\otherwise\debug\audioengine.obj
c:\users\alice\programming\otherwise\otherwise\debug\camera2d.obj
c:\users\alice\programming\otherwise\otherwise\debug\debugrenderer.obj
c:\users\alice\programming\otherwise\otherwise\debug\errorhandle.obj
c:\users\alice\programming\otherwise\otherwise\debug\glslprogram.obj
c:\users\alice\programming\otherwise\debug\otherwise.lib
c:\users\alice\programming\otherwise\debug\otherwise.pdb
c:\users\alice\programming\otherwise\otherwise\debug\otherwise.tlog\cl.command.1.tlog
c:\users\alice\programming\otherwise\otherwise\debug\otherwise.tlog\cl.read.1.tlog
c:\users\alice\programming\otherwise\otherwise\debug\otherwise.tlog\cl.write.1.tlog
c:\users\alice\programming\otherwise\otherwise\debug\otherwise.tlog\lib-link.read.1.tlog
c:\users\alice\programming\otherwise\otherwise\debug\otherwise.tlog\lib-link.write.1.tlog
c:\users\alice\programming\otherwise\otherwise\debug\otherwise.tlog\lib.command.1.tlog
