  Window.cpp
  Timing.cpp
  TextureCache.cpp
  SpriteFont.cpp
c:\users\alice\programming\otherwise\otherwise\spritefont.cpp(54): warning C4316: 'glm::tvec4<int,0>': object allocated on the heap may not be aligned 16
c:\users\alice\programming\otherwise\otherwise\spritefont.cpp(168): warning C4316: 'Otherwise::CharGlyph': object allocated on the heap may not be aligned 16
  SpriteBatch.cpp
  Sprite.cpp
  ScreenList.cpp
  ResourceManager.cpp
  picoPNG.cpp
  PathMapTranslator.cpp
c:\users\alice\programming\otherwise\otherwise\pathmaptranslator.cpp(54): warning C4244: 'argument': conversion from 'unsigned int' to 'const float', possible loss of data
c:\users\alice\programming\otherwise\otherwise\pathmaptranslator.cpp(55): warning C4244: 'argument': conversion from 'unsigned int' to 'const float', possible loss of data
c:\users\alice\programming\otherwise\otherwise\pathmaptranslator.cpp(60): warning C4244: 'argument': conversion from 'unsigned int' to 'const float', possible loss of data
c:\users\alice\programming\otherwise\otherwise\pathmaptranslator.cpp(61): warning C4244: 'argument': conversion from 'unsigned int' to 'const float', possible loss of data
c:\users\alice\programming\otherwise\otherwise\pathmaptranslator.cpp(66): warning C4244: 'argument': conversion from 'unsigned int' to 'const float', possible loss of data
c:\users\alice\programming\otherwise\otherwise\pathmaptranslator.cpp(67): warning C4244: 'argument': conversion from 'unsigned int' to 'const float', possible loss of data
  PathFinding.cpp
  ParticleEngine2D.cpp
  ParticleBatch2D.cpp
  Otherwise.cpp
  Messaging.cpp
  IOManager.cpp
  InputManager.cpp
  IMainGame.cpp
  ImageLoader.cpp
  GUI.cpp
c:\users\alice\programming\otherwise\deps\include\cegui\exceptions.h(41): warning C4275: non dll-interface class 'std::exception' used as base for dll-interface class 'CEGUI::Exception'
  c:\program files (x86)\microsoft visual studio 14.0\vc\include\vcruntime_exception.h(43): note: see declaration of 'std::exception'
  c:\users\alice\programming\otherwise\deps\include\cegui\exceptions.h(40): note: see declaration of 'CEGUI::Exception'
  Generating Code...
  Compiling...
  GLSLProgram.cpp
  ErrorHandle.cpp
  DebugRenderer.cpp
  Camera2D.cpp
  AudioEngine.cpp
  Generating Code...
SDL2_ttf.lib(SDL2_ttf.dll) : warning LNK4006: __NULL_IMPORT_DESCRIPTOR already defined in SDL2.lib(SDL2.dll); second definition ignored
SDL2_ttf.lib(SDL2_ttf.dll) : warning LNK4221: This object file does not define any previously undefined public symbols, so it will not be used by any link operation that consumes this library
SDL2_mixer.lib(SDL2_mixer.dll) : warning LNK4006: __NULL_IMPORT_DESCRIPTOR already defined in SDL2.lib(SDL2.dll); second definition ignored
SDL2_mixer.lib(SDL2_mixer.dll) : warning LNK4221: This object file does not define any previously undefined public symbols, so it will not be used by any link operation that consumes this library
opengl32.lib(OPENGL32.dll) : warning LNK4006: __NULL_IMPORT_DESCRIPTOR already defined in SDL2.lib(SDL2.dll); second definition ignored
opengl32.lib(OPENGL32.dll) : warning LNK4221: This object file does not define any previously undefined public symbols, so it will not be used by any link operation that consumes this library
glew32.lib(glew32.dll) : warning LNK4006: __NULL_IMPORT_DESCRIPTOR already defined in SDL2.lib(SDL2.dll); second definition ignored
glew32.lib(glew32.dll) : warning LNK4221: This object file does not define any previously undefined public symbols, so it will not be used by any link operation that consumes this library
CEGUIBase-0_d.lib(CEGUIBase-0_d.dll) : warning LNK4006: __NULL_IMPORT_DESCRIPTOR already defined in SDL2.lib(SDL2.dll); second definition ignored
CEGUIBase-0_d.lib(CEGUIBase-0_d.dll) : warning LNK4221: This object file does not define any previously undefined public symbols, so it will not be used by any link operation that consumes this library
CEGUIOpenGLRenderer-0_d.lib(CEGUIOpenGLRenderer-0_d.dll) : warning LNK4006: __NULL_IMPORT_DESCRIPTOR already defined in SDL2.lib(SDL2.dll); second definition ignored
CEGUIOpenGLRenderer-0_d.lib(CEGUIOpenGLRenderer-0_d.dll) : warning LNK4221: This object file does not define any previously undefined public symbols, so it will not be used by any link operation that consumes this library
  Otherwise.vcxproj -> C:\Users\Alice\Programming\Otherwise\Debug\Otherwise.lib
