  AudioEngine.cpp
  Camera2D.cpp
  DebugRenderer.cpp
  ErrorHandle.cpp
  GLSLProgram.cpp
  GUI.cpp
C:\Users\Alice\Programming\Otherwise\deps\include\CEGUI/Exceptions.h(41): warning C4275: non dll-interface class 'std::exception' used as base for dll-interface class 'CEGUI::Exception'
  C:\Program Files (x86)\Microsoft Visual Studio 14.0\VC\include\vcruntime_exception.h(43): note: see declaration of 'std::exception'
  C:\Users\Alice\Programming\Otherwise\deps\include\CEGUI/Exceptions.h(40): note: see declaration of 'CEGUI::Exception'
  ImageLoader.cpp
  IMainGame.cpp
  InputManager.cpp
  IOManager.cpp
  Messaging.cpp
  Otherwise.cpp
  ParticleBatch2D.cpp
  ParticleEngine2D.cpp
  PathFinding.cpp
  PathMapTranslator.cpp
PathMapTranslator.cpp(54): warning C4244: 'argument': conversion from 'unsigned int' to 'const float', possible loss of data
PathMapTranslator.cpp(55): warning C4244: 'argument': conversion from 'unsigned int' to 'const float', possible loss of data
PathMapTranslator.cpp(60): warning C4244: 'argument': conversion from 'unsigned int' to 'const float', possible loss of data
PathMapTranslator.cpp(61): warning C4244: 'argument': conversion from 'unsigned int' to 'const float', possible loss of data
PathMapTranslator.cpp(66): warning C4244: 'argument': conversion from 'unsigned int' to 'const float', possible loss of data
PathMapTranslator.cpp(67): warning C4244: 'argument': conversion from 'unsigned int' to 'const float', possible loss of data
  picoPNG.cpp
  ResourceManager.cpp
  ScreenList.cpp
  Sprite.cpp
  Compiling...
  SpriteBatch.cpp
  SpriteFont.cpp
SpriteFont.cpp(54): warning C4316: 'glm::tvec4<int,0>': object allocated on the heap may not be aligned 16
SpriteFont.cpp(168): warning C4316: 'Otherwise::CharGlyph': object allocated on the heap may not be aligned 16
  TextureCache.cpp
  Timing.cpp
  Window.cpp
SDL2_ttf.lib(SDL2_ttf.dll) : warning LNK4006: __NULL_IMPORT_DESCRIPTOR already defined in SDL2.lib(SDL2.dll); second definition ignored
SDL2_mixer.lib(SDL2_mixer.dll) : warning LNK4006: __NULL_IMPORT_DESCRIPTOR already defined in SDL2.lib(SDL2.dll); second definition ignored
opengl32.lib(OPENGL32.dll) : warning LNK4006: __NULL_IMPORT_DESCRIPTOR already defined in SDL2.lib(SDL2.dll); second definition ignored
glew32.lib(glew32.dll) : warning LNK4006: __NULL_IMPORT_DESCRIPTOR already defined in SDL2.lib(SDL2.dll); second definition ignored
CEGUIBase-0.lib(CEGUIBase-0.dll) : warning LNK4006: __NULL_IMPORT_DESCRIPTOR already defined in SDL2.lib(SDL2.dll); second definition ignored
CEGUIOpenGLRenderer-0.lib(CEGUIOpenGLRenderer-0.dll) : warning LNK4006: __NULL_IMPORT_DESCRIPTOR already defined in SDL2.lib(SDL2.dll); second definition ignored
  Otherwise.vcxproj -> C:\Users\Alice\Programming\Otherwise\Release\Otherwise.lib
