c:\users\alice\programming\otherwise\otherwise\release\otherwise.pdb
c:\users\alice\programming\otherwise\otherwise\release\sprite.obj
c:\users\alice\programming\otherwise\otherwise\release\screenlist.obj
c:\users\alice\programming\otherwise\otherwise\release\resourcemanager.obj
c:\users\alice\programming\otherwise\otherwise\release\picopng.obj
c:\users\alice\programming\otherwise\otherwise\release\pathmaptranslator.obj
c:\users\alice\programming\otherwise\otherwise\release\pathfinding.obj
c:\users\alice\programming\otherwise\otherwise\release\particleengine2d.obj
c:\users\alice\programming\otherwise\otherwise\release\particlebatch2d.obj
c:\users\alice\programming\otherwise\otherwise\release\otherwise.obj
c:\users\alice\programming\otherwise\otherwise\release\messaging.obj
c:\users\alice\programming\otherwise\otherwise\release\iomanager.obj
c:\users\alice\programming\otherwise\otherwise\release\inputmanager.obj
c:\users\alice\programming\otherwise\otherwise\release\imaingame.obj
c:\users\alice\programming\otherwise\otherwise\release\imageloader.obj
c:\users\alice\programming\otherwise\otherwise\release\gui.obj
c:\users\alice\programming\otherwise\otherwise\release\glslprogram.obj
c:\users\alice\programming\otherwise\otherwise\release\errorhandle.obj
c:\users\alice\programming\otherwise\otherwise\release\debugrenderer.obj
c:\users\alice\programming\otherwise\otherwise\release\camera2d.obj
c:\users\alice\programming\otherwise\otherwise\release\audioengine.obj
c:\users\alice\programming\otherwise\otherwise\release\window.obj
c:\users\alice\programming\otherwise\otherwise\release\timing.obj
c:\users\alice\programming\otherwise\otherwise\release\texturecache.obj
c:\users\alice\programming\otherwise\otherwise\release\spritefont.obj
c:\users\alice\programming\otherwise\otherwise\release\spritebatch.obj
c:\users\alice\programming\otherwise\release\otherwise.lib
c:\users\alice\programming\otherwise\otherwise\release\otherwise.tlog\cl.command.1.tlog
c:\users\alice\programming\otherwise\otherwise\release\otherwise.tlog\cl.read.1.tlog
c:\users\alice\programming\otherwise\otherwise\release\otherwise.tlog\cl.write.1.tlog
c:\users\alice\programming\otherwise\otherwise\release\otherwise.tlog\lib-link.read.1.tlog
c:\users\alice\programming\otherwise\otherwise\release\otherwise.tlog\lib-link.write.1.tlog
c:\users\alice\programming\otherwise\otherwise\release\otherwise.tlog\lib.command.1.tlog
